::1 - - [05/Oct/2021:13:00:01 +0000] "GET / HTTP/1.1" 304 - "-" "Mozilla/5.0 (Macintosh; Intel Mac OS X 10_15_7) AppleWebKit/537.36 (KHTML, like Gecko) Chrome/94.0.4606.61 Safari/537.36"
::1 - - [05/Oct/2021:13:59:27 +0000] "GET /addresses HTTP/1.1" 200 215 "-" "PostmanRuntime/7.28.4"
::1 - - [05/Oct/2021:14:01:51 +0000] "GET / HTTP/1.1" 304 - "-" "Mozilla/5.0 (Macintosh; Intel Mac OS X 10_15_7) AppleWebKit/537.36 (KHTML, like Gecko) Chrome/94.0.4606.61 Safari/537.36"
::1 - - [05/Oct/2021:14:01:55 +0000] "GET /addresses HTTP/1.1" 200 215 "-" "Mozilla/5.0 (Macintosh; Intel Mac OS X 10_15_7) AppleWebKit/537.36 (KHTML, like Gecko) Chrome/94.0.4606.61 Safari/537.36"
::1 - - [05/Oct/2021:14:02:03 +0000] "GET /addresses HTTP/1.1" 200 214 "-" "Mozilla/5.0 (Macintosh; Intel Mac OS X 10_15_7) AppleWebKit/537.36 (KHTML, like Gecko) Chrome/94.0.4606.61 Safari/537.36"
::1 - - [05/Oct/2021:14:06:30 +0000] "GET /addresses HTTP/1.1" 200 217 "-" "Mozilla/5.0 (Macintosh; Intel Mac OS X 10_15_7) AppleWebKit/537.36 (KHTML, like Gecko) Chrome/94.0.4606.61 Safari/537.36"
::1 - - [05/Oct/2021:14:09:24 +0000] "GET /addresses/1 HTTP/1.1" 200 108 "-" "PostmanRuntime/7.28.4"
::1 - - [05/Oct/2021:14:09:28 +0000] "GET /addresses HTTP/1.1" 200 215 "-" "PostmanRuntime/7.28.4"
::1 - - [05/Oct/2021:14:09:32 +0000] "GET /addresses/1 HTTP/1.1" 200 108 "-" "PostmanRuntime/7.28.4"
::1 - - [05/Oct/2021:14:09:34 +0000] "GET /addresses/2 HTTP/1.1" 200 104 "-" "PostmanRuntime/7.28.4"
::1 - - [05/Oct/2021:14:13:02 +0000] "POST /address HTTP/1.1" 404 147 "-" "PostmanRuntime/7.28.4"
::1 - - [05/Oct/2021:14:13:11 +0000] "POST /addresses HTTP/1.1" 200 86 "-" "PostmanRuntime/7.28.4"
::1 - - [05/Oct/2021:14:13:24 +0000] "GET /addresses HTTP/1.1" 200 215 "-" "PostmanRuntime/7.28.4"
::1 - - [05/Oct/2021:14:13:57 +0000] "POST /addresses HTTP/1.1" 200 86 "-" "PostmanRuntime/7.28.4"
::1 - - [05/Oct/2021:14:13:59 +0000] "GET /addresses HTTP/1.1" 200 302 "-" "PostmanRuntime/7.28.4"
::1 - - [05/Oct/2021:14:15:21 +0000] "POST /addresses HTTP/1.1" 200 86 "-" "PostmanRuntime/7.28.4"
::1 - - [05/Oct/2021:14:15:25 +0000] "POST /addresses HTTP/1.1" 200 86 "-" "PostmanRuntime/7.28.4"
::1 - - [05/Oct/2021:14:15:41 +0000] "POST /addresses HTTP/1.1" 200 93 "-" "PostmanRuntime/7.28.4"
::1 - - [05/Oct/2021:14:15:48 +0000] "GET /addresses HTTP/1.1" 200 309 "-" "PostmanRuntime/7.28.4"
::1 - - [05/Oct/2021:14:16:06 +0000] "POST /addresses HTTP/1.1" 200 93 "-" "PostmanRuntime/7.28.4"
::1 - - [05/Oct/2021:14:16:19 +0000] "GET /addresses HTTP/1.1" 200 309 "-" "PostmanRuntime/7.28.4"
